<?xml version="1.0" encoding="UTF-8"?>
<!-- Generated by org.testng.reporters.JUnitXMLReporter -->
<testsuite ignored="4" hostname="DESKTOP-K1IJUS5" failures="0" tests="1" name="Default test" time="8.354" errors="0" timestamp="2024-06-26T11:57:08 EDT">
  <testcase classname="com.automation.tests.Automationscripts" name="checkRememberMe" time="5.995"/>
  <testcase classname="com.automation.tests.Automationscripts" name="clearpassword" time="0.0">
    <ignored/>
  </testcase> <!-- clearpassword -->
  <testcase classname="com.automation.tests.Automationscripts" name="forgotPwd" time="0.0">
    <ignored/>
  </testcase> <!-- forgotPwd -->
  <testcase classname="com.automation.tests.Automationscripts" name="Salesforce_Login_positive" time="0.0">
    <ignored/>
  </testcase> <!-- Salesforce_Login_positive -->
  <testcase classname="com.automation.tests.Automationscripts" name="Salesforce_invalidLogin" time="0.0">
    <ignored/>
  </testcase> <!-- Salesforce_invalidLogin -->
</testsuite> <!-- Default test -->
