<?xml version="1.0" encoding="UTF-8"?>
<testng-results ignored="4" total="5" passed="1" failed="0" skipped="0">
  <reporter-output>
  </reporter-output>
  <suite started-at="2024-06-26T11:56:59 EDT" name="Default suite" finished-at="2024-06-26T11:57:08 EDT" duration-ms="8354">
    <groups>
    </groups>
    <test started-at="2024-06-26T11:56:59 EDT" name="Default test" finished-at="2024-06-26T11:57:08 EDT" duration-ms="8354">
      <class name="com.automation.tests.Automationscripts">
        <test-method is-config="true" signature="setUpBeforeMethod(java.lang.String)[pri:0, instance:com.automation.tests.Automationscripts@183e8023]" started-at="2024-06-26T11:56:59 EDT" name="setUpBeforeMethod" finished-at="2024-06-26T11:57:02 EDT" duration-ms="2293" status="PASS">
          <params>
            <param index="0">
              <value>
                <![CDATA[chrome]]>
              </value>
            </param>
          </params>
          <reporter-output>
          </reporter-output>
        </test-method> <!-- setUpBeforeMethod -->
        <test-method signature="checkRememberMe()[pri:0, instance:com.automation.tests.Automationscripts@183e8023]" started-at="2024-06-26T11:57:02 EDT" name="checkRememberMe" finished-at="2024-06-26T11:57:08 EDT" duration-ms="5995" status="PASS">
          <reporter-output>
          </reporter-output>
        </test-method> <!-- checkRememberMe -->
      </class> <!-- com.automation.tests.Automationscripts -->
    </test> <!-- Default test -->
  </suite> <!-- Default suite -->
</testng-results>
